<?xml version="1.0" encoding="UTF-8"?>
<coverage generated="1672333850990" clover="3.2.0">
  <project timestamp="1672333850990" name="All files">
    <metrics statements="11" coveredstatements="11" conditionals="0" coveredconditionals="0" methods="4" coveredmethods="4" elements="15" coveredelements="15" complexity="0" loc="11" ncloc="11" packages="1" files="2" classes="2"/>
    <file name="falso-positivo.js" path="/media/robertvitoriano/storage/Central/projetos/Livros/javascript-assertivo/ola-jest/falso-positivo.js">
      <metrics statements="6" coveredstatements="6" conditionals="0" coveredconditionals="0" methods="2" coveredmethods="2"/>
      <line num="1" count="1" type="stmt"/>
      <line num="2" count="1" type="stmt"/>
      <line num="5" count="1" type="stmt"/>
      <line num="6" count="1" type="stmt"/>
      <line num="7" count="1" type="stmt"/>
      <line num="10" count="1" type="stmt"/>
    </file>
    <file name="ola-jest.js" path="/media/robertvitoriano/storage/Central/projetos/Livros/javascript-assertivo/ola-jest/ola-jest.js">
      <metrics statements="5" coveredstatements="5" conditionals="0" coveredconditionals="0" methods="2" coveredmethods="2"/>
      <line num="1" count="1" type="stmt"/>
      <line num="2" count="1" type="stmt"/>
      <line num="5" count="1" type="stmt"/>
      <line num="6" count="1" type="stmt"/>
      <line num="9" count="1" type="stmt"/>
    </file>
  </project>
</coverage>
